[22:37:16] [main/INFO]: Environment: authHost='https://authserver.mojang.com', accountsHost='https://api.mojang.com', sessionHost='https://sessionserver.mojang.com', servicesHost='https://api.minecraftservices.com', name='PROD'
[22:37:16] [main/INFO]: Reloading ResourceManager: Default, bukkit
[22:37:16] [Worker-Main-12/INFO]: Loaded 7 recipes
[22:37:17] [Server thread/INFO]: Starting minecraft server version 1.16.5
[22:37:17] [Server thread/INFO]: Loading properties
[22:37:18] [Server thread/INFO]: This server is running CraftBukkit version 3096a-Spigot-9fb885e-af1a232 (MC: 1.16.5) (Implementing API version 1.16.5-R0.1-SNAPSHOT)
[22:37:18] [Server thread/INFO]: Debug logging is disabled
[22:37:18] [Server thread/INFO]: Server Ping Player Sample Count: 12
[22:37:18] [Server thread/INFO]: Using 4 threads for Netty based IO
[22:37:18] [Server thread/INFO]: Default game type: SURVIVAL
[22:37:18] [Server thread/INFO]: Generating keypair
[22:37:18] [Server thread/INFO]: Starting Minecraft server on 192.168.1.12:25565
[22:37:18] [Server thread/INFO]: Using default channel type
[22:37:18] [Server thread/WARN]: Initializing Legacy Material Support. Unless you have legacy plugins and/or data this is a bug!
[22:37:20] [Server thread/WARN]: Legacy plugin CombatDice v24.07.2022-1221 does not specify an api-version.
[22:37:20] [Server thread/INFO]: [CombatDice] Loading CombatDice v24.07.2022-1221
[22:37:20] [Server thread/WARN]: **** SERVER IS RUNNING IN OFFLINE/INSECURE MODE!
[22:37:20] [Server thread/WARN]: The server will make no attempt to authenticate usernames. Beware.
[22:37:20] [Server thread/WARN]: While this makes the game possible to play without internet access, it also opens up the ability for hackers to connect with any username they choose.
[22:37:20] [Server thread/WARN]: To change this, set "online-mode" to "true" in the server.properties file.
[22:37:20] [Server thread/INFO]: Preparing level "world"
[22:37:20] [Server thread/INFO]: -------- World Settings For [world] --------
[22:37:20] [Server thread/INFO]: Allow Zombie Pigmen to spawn from portal blocks: true
[22:37:20] [Server thread/INFO]: Entity Tracking Range: Pl 48 / An 48 / Mo 48 / Mi 32 / Other 64
[22:37:20] [Server thread/INFO]: Tile Max Tick Time: 50ms Entity max Tick Time: 50ms
[22:37:20] [Server thread/INFO]: Max TNT Explosions: 100
[22:37:20] [Server thread/INFO]: Entity Activation Range: An 32 / Mo 32 / Ra 48 / Mi 16 / Tiv true
[22:37:20] [Server thread/INFO]: Hopper Transfer: 8 Hopper Check: 1 Hopper Amount: 1
[22:37:20] [Server thread/INFO]: Item Merge Radius: 2.5
[22:37:20] [Server thread/INFO]: Item Despawn Rate: 6000
[22:37:20] [Server thread/INFO]: View Distance: 10
[22:37:20] [Server thread/INFO]: Nerfing mobs spawned from spawners: false
[22:37:20] [Server thread/INFO]: Custom Map Seeds:  Village: 10387312 Desert: 14357617 Igloo: 14357618 Jungle: 14357619 Swamp: 14357620 Monument: 10387313 Ocean: 14357621 Shipwreck: 165745295 End City: 10387313 Slime: 987234911 Bastion: 30084232 Fortress: 30084232 Mansion: 10387319 Fossil: 14357921 Portal: 34222645
[22:37:20] [Server thread/INFO]: Zombie Aggressive Towards Villager: true
[22:37:20] [Server thread/INFO]: Arrow Despawn Rate: 1200 Trident Respawn Rate:1200
[22:37:20] [Server thread/INFO]: Cactus Growth Modifier: 100%
[22:37:20] [Server thread/INFO]: Cane Growth Modifier: 100%
[22:37:20] [Server thread/INFO]: Melon Growth Modifier: 100%
[22:37:20] [Server thread/INFO]: Mushroom Growth Modifier: 100%
[22:37:20] [Server thread/INFO]: Pumpkin Growth Modifier: 100%
[22:37:20] [Server thread/INFO]: Sapling Growth Modifier: 100%
[22:37:20] [Server thread/INFO]: Beetroot Growth Modifier: 100%
[22:37:20] [Server thread/INFO]: Carrot Growth Modifier: 100%
[22:37:20] [Server thread/INFO]: Potato Growth Modifier: 100%
[22:37:20] [Server thread/INFO]: Wheat Growth Modifier: 100%
[22:37:20] [Server thread/INFO]: NetherWart Growth Modifier: 100%
[22:37:20] [Server thread/INFO]: Vine Growth Modifier: 100%
[22:37:20] [Server thread/INFO]: Cocoa Growth Modifier: 100%
[22:37:20] [Server thread/INFO]: Bamboo Growth Modifier: 100%
[22:37:20] [Server thread/INFO]: SweetBerry Growth Modifier: 100%
[22:37:20] [Server thread/INFO]: Kelp Growth Modifier: 100%
[22:37:20] [Server thread/INFO]: Mob Spawn Range: 6
[22:37:20] [Server thread/INFO]: Experience Merge Radius: 3.0
[22:37:20] [Server thread/INFO]: -------- World Settings For [world_nether] --------
[22:37:20] [Server thread/INFO]: Allow Zombie Pigmen to spawn from portal blocks: true
[22:37:20] [Server thread/INFO]: Entity Tracking Range: Pl 48 / An 48 / Mo 48 / Mi 32 / Other 64
[22:37:20] [Server thread/INFO]: Tile Max Tick Time: 50ms Entity max Tick Time: 50ms
[22:37:20] [Server thread/INFO]: Max TNT Explosions: 100
[22:37:20] [Server thread/INFO]: Entity Activation Range: An 32 / Mo 32 / Ra 48 / Mi 16 / Tiv true
[22:37:20] [Server thread/INFO]: Hopper Transfer: 8 Hopper Check: 1 Hopper Amount: 1
[22:37:20] [Server thread/INFO]: Item Merge Radius: 2.5
[22:37:20] [Server thread/INFO]: Item Despawn Rate: 6000
[22:37:20] [Server thread/INFO]: View Distance: 10
[22:37:20] [Server thread/INFO]: Nerfing mobs spawned from spawners: false
[22:37:20] [Server thread/INFO]: Custom Map Seeds:  Village: 10387312 Desert: 14357617 Igloo: 14357618 Jungle: 14357619 Swamp: 14357620 Monument: 10387313 Ocean: 14357621 Shipwreck: 165745295 End City: 10387313 Slime: 987234911 Bastion: 30084232 Fortress: 30084232 Mansion: 10387319 Fossil: 14357921 Portal: 34222645
[22:37:20] [Server thread/INFO]: Zombie Aggressive Towards Villager: true
[22:37:20] [Server thread/INFO]: Arrow Despawn Rate: 1200 Trident Respawn Rate:1200
[22:37:20] [Server thread/INFO]: Cactus Growth Modifier: 100%
[22:37:20] [Server thread/INFO]: Cane Growth Modifier: 100%
[22:37:20] [Server thread/INFO]: Melon Growth Modifier: 100%
[22:37:20] [Server thread/INFO]: Mushroom Growth Modifier: 100%
[22:37:20] [Server thread/INFO]: Pumpkin Growth Modifier: 100%
[22:37:20] [Server thread/INFO]: Sapling Growth Modifier: 100%
[22:37:20] [Server thread/INFO]: Beetroot Growth Modifier: 100%
[22:37:20] [Server thread/INFO]: Carrot Growth Modifier: 100%
[22:37:20] [Server thread/INFO]: Potato Growth Modifier: 100%
[22:37:20] [Server thread/INFO]: Wheat Growth Modifier: 100%
[22:37:20] [Server thread/INFO]: NetherWart Growth Modifier: 100%
[22:37:20] [Server thread/INFO]: Vine Growth Modifier: 100%
[22:37:20] [Server thread/INFO]: Cocoa Growth Modifier: 100%
[22:37:20] [Server thread/INFO]: Bamboo Growth Modifier: 100%
[22:37:20] [Server thread/INFO]: SweetBerry Growth Modifier: 100%
[22:37:20] [Server thread/INFO]: Kelp Growth Modifier: 100%
[22:37:20] [Server thread/INFO]: Mob Spawn Range: 6
[22:37:20] [Server thread/INFO]: Experience Merge Radius: 3.0
[22:37:20] [Server thread/INFO]: -------- World Settings For [world_the_end] --------
[22:37:20] [Server thread/INFO]: Allow Zombie Pigmen to spawn from portal blocks: true
[22:37:20] [Server thread/INFO]: Entity Tracking Range: Pl 48 / An 48 / Mo 48 / Mi 32 / Other 64
[22:37:20] [Server thread/INFO]: Tile Max Tick Time: 50ms Entity max Tick Time: 50ms
[22:37:20] [Server thread/INFO]: Max TNT Explosions: 100
[22:37:20] [Server thread/INFO]: Entity Activation Range: An 32 / Mo 32 / Ra 48 / Mi 16 / Tiv true
[22:37:20] [Server thread/INFO]: Hopper Transfer: 8 Hopper Check: 1 Hopper Amount: 1
[22:37:20] [Server thread/INFO]: Item Merge Radius: 2.5
[22:37:20] [Server thread/INFO]: Item Despawn Rate: 6000
[22:37:20] [Server thread/INFO]: View Distance: 10
[22:37:20] [Server thread/INFO]: Nerfing mobs spawned from spawners: false
[22:37:20] [Server thread/INFO]: Custom Map Seeds:  Village: 10387312 Desert: 14357617 Igloo: 14357618 Jungle: 14357619 Swamp: 14357620 Monument: 10387313 Ocean: 14357621 Shipwreck: 165745295 End City: 10387313 Slime: 987234911 Bastion: 30084232 Fortress: 30084232 Mansion: 10387319 Fossil: 14357921 Portal: 34222645
[22:37:20] [Server thread/INFO]: Zombie Aggressive Towards Villager: true
[22:37:20] [Server thread/INFO]: Arrow Despawn Rate: 1200 Trident Respawn Rate:1200
[22:37:20] [Server thread/INFO]: Cactus Growth Modifier: 100%
[22:37:20] [Server thread/INFO]: Cane Growth Modifier: 100%
[22:37:20] [Server thread/INFO]: Melon Growth Modifier: 100%
[22:37:20] [Server thread/INFO]: Mushroom Growth Modifier: 100%
[22:37:20] [Server thread/INFO]: Pumpkin Growth Modifier: 100%
[22:37:20] [Server thread/INFO]: Sapling Growth Modifier: 100%
[22:37:20] [Server thread/INFO]: Beetroot Growth Modifier: 100%
[22:37:20] [Server thread/INFO]: Carrot Growth Modifier: 100%
[22:37:20] [Server thread/INFO]: Potato Growth Modifier: 100%
[22:37:20] [Server thread/INFO]: Wheat Growth Modifier: 100%
[22:37:20] [Server thread/INFO]: NetherWart Growth Modifier: 100%
[22:37:20] [Server thread/INFO]: Vine Growth Modifier: 100%
[22:37:20] [Server thread/INFO]: Cocoa Growth Modifier: 100%
[22:37:20] [Server thread/INFO]: Bamboo Growth Modifier: 100%
[22:37:20] [Server thread/INFO]: SweetBerry Growth Modifier: 100%
[22:37:20] [Server thread/INFO]: Kelp Growth Modifier: 100%
[22:37:20] [Server thread/INFO]: Mob Spawn Range: 6
[22:37:20] [Server thread/INFO]: Experience Merge Radius: 3.0
[22:37:20] [Server thread/INFO]: Preparing start region for dimension minecraft:overworld
[22:37:20] [Server thread/INFO]: Preparing spawn area: 0%
[22:37:20] [Server thread/INFO]: Preparing spawn area: 0%
[22:37:20] [Server thread/INFO]: Time elapsed: 710 ms
[22:37:20] [Server thread/INFO]: Preparing start region for dimension minecraft:the_nether
[22:37:21] [Server thread/INFO]: Preparing spawn area: 0%
[22:37:21] [Worker-Main-9/INFO]: Preparing spawn area: 83%
[22:37:21] [Worker-Main-10/INFO]: Preparing spawn area: 83%
[22:37:22] [Worker-Main-11/INFO]: Preparing spawn area: 98%
[22:37:22] [Server thread/INFO]: Time elapsed: 1526 ms
[22:37:22] [Server thread/INFO]: Preparing start region for dimension minecraft:the_end
[22:37:22] [Server thread/INFO]: Preparing spawn area: 0%
[22:37:22] [Server thread/INFO]: Time elapsed: 355 ms
[22:37:22] [Server thread/INFO]: [CombatDice] Enabling CombatDice v24.07.2022-1221
[22:37:22] [Server thread/INFO]: [CombatDice] Cargando el plugin CombatDice en la versión 24.07.2022-1221
[22:37:22] [Server thread/INFO]: Server permissions file permissions.yml is empty, ignoring it
[22:37:22] [Server thread/INFO]: Done (2.749s)! For help, type "help"
[22:39:23] [User Authenticator #1/INFO]: UUID of player Pepe_es_el_mejor is f610458d-9a41-3806-9671-791e309aa9b1
[22:39:24] [Server thread/INFO]: Pepe_es_el_mejor[/192.168.1.12:4127] logged in with entity id 159 at ([world]-255.28574459815954, 69.0, -203.43724808908132)
[22:39:53] [User Authenticator #2/INFO]: UUID of player Leonidas_Urfo is 025bb577-8c42-3300-8627-cbb0375c9a27
[22:39:54] [Server thread/INFO]: Leonidas_Urfo[/192.168.1.12:4295] logged in with entity id 259 at ([world]-253.69852868944392, 75.5, -164.23524929616752)
[22:40:10] [Server thread/INFO]: Leonidas_Urfo issued server command: /cd start Pepe_es_el_mejor 3
[22:40:14] [Server thread/INFO]: Pepe_es_el_mejor issued server command: /cd yes Pepe_es_el_mejor Leonidas_Urfo 3
[22:40:14] [Server thread/INFO]: ####################################################
[22:40:14] [Server thread/INFO]: Se ha iniciado el combate entre Leonidas_Urfo y Pepe_es_el_mejor a 3 golpes
[22:40:14] [Server thread/INFO]: 
[22:40:14] [Server thread/INFO]: Leonidas_Urfo 0 - 0 Pepe_es_el_mejor
[22:40:14] [Server thread/INFO]: Leonidas_Urfo ha tirado un 18
[22:40:14] [Server thread/INFO]: Pepe_es_el_mejor ha tirado un 14
[22:40:14] [Server thread/INFO]: 
[22:40:14] [Server thread/INFO]: Empieza el jugador Leonidas_Urfo
[22:40:21] [Server thread/INFO]: Pepe_es_el_mejor issued server command: /cd yes Pepe_es_el_mejor Leonidas_Urfo 3
[22:40:21] [Server thread/INFO]: Pepe_es_el_mejor issued server command: /cd yes Pepe_es_el_mejor Leonidas_Urfo 3
[22:40:21] [Server thread/INFO]: Pepe_es_el_mejor issued server command: /cd yes Pepe_es_el_mejor Leonidas_Urfo 3
[22:40:21] [Server thread/INFO]: Pepe_es_el_mejor issued server command: /cd yes Pepe_es_el_mejor Leonidas_Urfo 3
[22:40:22] [Server thread/INFO]: Pepe_es_el_mejor issued server command: /cd no Leonidas_Urfo
[22:40:22] [Server thread/ERROR]: null
org.bukkit.command.CommandException: Unhandled exception executing command 'cd' in plugin CombatDice v24.07.2022-1221
	at org.bukkit.command.PluginCommand.execute(PluginCommand.java:47) ~[spigot.jar:3096a-Spigot-9fb885e-af1a232]
	at org.bukkit.command.SimpleCommandMap.dispatch(SimpleCommandMap.java:149) ~[spigot.jar:3096a-Spigot-9fb885e-af1a232]
	at org.bukkit.craftbukkit.v1_16_R3.CraftServer.dispatchCommand(CraftServer.java:761) ~[spigot.jar:3096a-Spigot-9fb885e-af1a232]
	at net.minecraft.server.v1_16_R3.PlayerConnection.handleCommand(PlayerConnection.java:1936) [spigot.jar:3096a-Spigot-9fb885e-af1a232]
	at net.minecraft.server.v1_16_R3.PlayerConnection.c(PlayerConnection.java:1779) [spigot.jar:3096a-Spigot-9fb885e-af1a232]
	at net.minecraft.server.v1_16_R3.PlayerConnection.a(PlayerConnection.java:1732) [spigot.jar:3096a-Spigot-9fb885e-af1a232]
	at net.minecraft.server.v1_16_R3.PacketPlayInChat.a(PacketPlayInChat.java:49) [spigot.jar:3096a-Spigot-9fb885e-af1a232]
	at net.minecraft.server.v1_16_R3.PacketPlayInChat.a(PacketPlayInChat.java:1) [spigot.jar:3096a-Spigot-9fb885e-af1a232]
	at net.minecraft.server.v1_16_R3.PlayerConnectionUtils.lambda$0(PlayerConnectionUtils.java:28) [spigot.jar:3096a-Spigot-9fb885e-af1a232]
	at net.minecraft.server.v1_16_R3.PlayerConnectionUtils$$Lambda$4150/421973096.run(Unknown Source) [spigot.jar:3096a-Spigot-9fb885e-af1a232]
	at net.minecraft.server.v1_16_R3.TickTask.run(SourceFile:18) [spigot.jar:3096a-Spigot-9fb885e-af1a232]
	at net.minecraft.server.v1_16_R3.IAsyncTaskHandler.executeTask(SourceFile:144) [spigot.jar:3096a-Spigot-9fb885e-af1a232]
	at net.minecraft.server.v1_16_R3.IAsyncTaskHandlerReentrant.executeTask(SourceFile:23) [spigot.jar:3096a-Spigot-9fb885e-af1a232]
	at net.minecraft.server.v1_16_R3.IAsyncTaskHandler.executeNext(SourceFile:118) [spigot.jar:3096a-Spigot-9fb885e-af1a232]
	at net.minecraft.server.v1_16_R3.MinecraftServer.bb(MinecraftServer.java:1061) [spigot.jar:3096a-Spigot-9fb885e-af1a232]
	at net.minecraft.server.v1_16_R3.MinecraftServer.executeNext(MinecraftServer.java:1054) [spigot.jar:3096a-Spigot-9fb885e-af1a232]
	at net.minecraft.server.v1_16_R3.IAsyncTaskHandler.awaitTasks(SourceFile:127) [spigot.jar:3096a-Spigot-9fb885e-af1a232]
	at net.minecraft.server.v1_16_R3.MinecraftServer.sleepForTick(MinecraftServer.java:1038) [spigot.jar:3096a-Spigot-9fb885e-af1a232]
	at net.minecraft.server.v1_16_R3.MinecraftServer.w(MinecraftServer.java:970) [spigot.jar:3096a-Spigot-9fb885e-af1a232]
	at net.minecraft.server.v1_16_R3.MinecraftServer.lambda$0(MinecraftServer.java:273) [spigot.jar:3096a-Spigot-9fb885e-af1a232]
	at net.minecraft.server.v1_16_R3.MinecraftServer$$Lambda$3244/136768389.run(Unknown Source) [spigot.jar:3096a-Spigot-9fb885e-af1a232]
	at java.lang.Thread.run(Unknown Source) [?:1.8.0_51]
Caused by: java.lang.NullPointerException
	at LeonidasUrfo.CombatDice.comandos.ComandoCombatDice.onCommand(ComandoCombatDice.java:152) ~[?:?]
	at org.bukkit.command.PluginCommand.execute(PluginCommand.java:45) ~[spigot.jar:3096a-Spigot-9fb885e-af1a232]
	... 21 more
[22:40:23] [Server thread/INFO]: Pepe_es_el_mejor issued server command: /cd no Leonidas_Urfo
[22:40:23] [Server thread/ERROR]: null
org.bukkit.command.CommandException: Unhandled exception executing command 'cd' in plugin CombatDice v24.07.2022-1221
	at org.bukkit.command.PluginCommand.execute(PluginCommand.java:47) ~[spigot.jar:3096a-Spigot-9fb885e-af1a232]
	at org.bukkit.command.SimpleCommandMap.dispatch(SimpleCommandMap.java:149) ~[spigot.jar:3096a-Spigot-9fb885e-af1a232]
	at org.bukkit.craftbukkit.v1_16_R3.CraftServer.dispatchCommand(CraftServer.java:761) ~[spigot.jar:3096a-Spigot-9fb885e-af1a232]
	at net.minecraft.server.v1_16_R3.PlayerConnection.handleCommand(PlayerConnection.java:1936) [spigot.jar:3096a-Spigot-9fb885e-af1a232]
	at net.minecraft.server.v1_16_R3.PlayerConnection.c(PlayerConnection.java:1779) [spigot.jar:3096a-Spigot-9fb885e-af1a232]
	at net.minecraft.server.v1_16_R3.PlayerConnection.a(PlayerConnection.java:1732) [spigot.jar:3096a-Spigot-9fb885e-af1a232]
	at net.minecraft.server.v1_16_R3.PacketPlayInChat.a(PacketPlayInChat.java:49) [spigot.jar:3096a-Spigot-9fb885e-af1a232]
	at net.minecraft.server.v1_16_R3.PacketPlayInChat.a(PacketPlayInChat.java:1) [spigot.jar:3096a-Spigot-9fb885e-af1a232]
	at net.minecraft.server.v1_16_R3.PlayerConnectionUtils.lambda$0(PlayerConnectionUtils.java:28) [spigot.jar:3096a-Spigot-9fb885e-af1a232]
	at net.minecraft.server.v1_16_R3.PlayerConnectionUtils$$Lambda$4150/421973096.run(Unknown Source) [spigot.jar:3096a-Spigot-9fb885e-af1a232]
	at net.minecraft.server.v1_16_R3.TickTask.run(SourceFile:18) [spigot.jar:3096a-Spigot-9fb885e-af1a232]
	at net.minecraft.server.v1_16_R3.IAsyncTaskHandler.executeTask(SourceFile:144) [spigot.jar:3096a-Spigot-9fb885e-af1a232]
	at net.minecraft.server.v1_16_R3.IAsyncTaskHandlerReentrant.executeTask(SourceFile:23) [spigot.jar:3096a-Spigot-9fb885e-af1a232]
	at net.minecraft.server.v1_16_R3.IAsyncTaskHandler.executeNext(SourceFile:118) [spigot.jar:3096a-Spigot-9fb885e-af1a232]
	at net.minecraft.server.v1_16_R3.MinecraftServer.bb(MinecraftServer.java:1061) [spigot.jar:3096a-Spigot-9fb885e-af1a232]
	at net.minecraft.server.v1_16_R3.MinecraftServer.executeNext(MinecraftServer.java:1054) [spigot.jar:3096a-Spigot-9fb885e-af1a232]
	at net.minecraft.server.v1_16_R3.IAsyncTaskHandler.awaitTasks(SourceFile:127) [spigot.jar:3096a-Spigot-9fb885e-af1a232]
	at net.minecraft.server.v1_16_R3.MinecraftServer.sleepForTick(MinecraftServer.java:1038) [spigot.jar:3096a-Spigot-9fb885e-af1a232]
	at net.minecraft.server.v1_16_R3.MinecraftServer.w(MinecraftServer.java:970) [spigot.jar:3096a-Spigot-9fb885e-af1a232]
	at net.minecraft.server.v1_16_R3.MinecraftServer.lambda$0(MinecraftServer.java:273) [spigot.jar:3096a-Spigot-9fb885e-af1a232]
	at net.minecraft.server.v1_16_R3.MinecraftServer$$Lambda$3244/136768389.run(Unknown Source) [spigot.jar:3096a-Spigot-9fb885e-af1a232]
	at java.lang.Thread.run(Unknown Source) [?:1.8.0_51]
Caused by: java.lang.NullPointerException
	at LeonidasUrfo.CombatDice.comandos.ComandoCombatDice.onCommand(ComandoCombatDice.java:152) ~[?:?]
	at org.bukkit.command.PluginCommand.execute(PluginCommand.java:45) ~[spigot.jar:3096a-Spigot-9fb885e-af1a232]
	... 21 more
[22:40:24] [Server thread/INFO]: Pepe_es_el_mejor issued server command: /cd no Leonidas_Urfo
[22:40:24] [Server thread/ERROR]: null
org.bukkit.command.CommandException: Unhandled exception executing command 'cd' in plugin CombatDice v24.07.2022-1221
	at org.bukkit.command.PluginCommand.execute(PluginCommand.java:47) ~[spigot.jar:3096a-Spigot-9fb885e-af1a232]
	at org.bukkit.command.SimpleCommandMap.dispatch(SimpleCommandMap.java:149) ~[spigot.jar:3096a-Spigot-9fb885e-af1a232]
	at org.bukkit.craftbukkit.v1_16_R3.CraftServer.dispatchCommand(CraftServer.java:761) ~[spigot.jar:3096a-Spigot-9fb885e-af1a232]
	at net.minecraft.server.v1_16_R3.PlayerConnection.handleCommand(PlayerConnection.java:1936) [spigot.jar:3096a-Spigot-9fb885e-af1a232]
	at net.minecraft.server.v1_16_R3.PlayerConnection.c(PlayerConnection.java:1779) [spigot.jar:3096a-Spigot-9fb885e-af1a232]
	at net.minecraft.server.v1_16_R3.PlayerConnection.a(PlayerConnection.java:1732) [spigot.jar:3096a-Spigot-9fb885e-af1a232]
	at net.minecraft.server.v1_16_R3.PacketPlayInChat.a(PacketPlayInChat.java:49) [spigot.jar:3096a-Spigot-9fb885e-af1a232]
	at net.minecraft.server.v1_16_R3.PacketPlayInChat.a(PacketPlayInChat.java:1) [spigot.jar:3096a-Spigot-9fb885e-af1a232]
	at net.minecraft.server.v1_16_R3.PlayerConnectionUtils.lambda$0(PlayerConnectionUtils.java:28) [spigot.jar:3096a-Spigot-9fb885e-af1a232]
	at net.minecraft.server.v1_16_R3.PlayerConnectionUtils$$Lambda$4150/421973096.run(Unknown Source) [spigot.jar:3096a-Spigot-9fb885e-af1a232]
	at net.minecraft.server.v1_16_R3.TickTask.run(SourceFile:18) [spigot.jar:3096a-Spigot-9fb885e-af1a232]
	at net.minecraft.server.v1_16_R3.IAsyncTaskHandler.executeTask(SourceFile:144) [spigot.jar:3096a-Spigot-9fb885e-af1a232]
	at net.minecraft.server.v1_16_R3.IAsyncTaskHandlerReentrant.executeTask(SourceFile:23) [spigot.jar:3096a-Spigot-9fb885e-af1a232]
	at net.minecraft.server.v1_16_R3.IAsyncTaskHandler.executeNext(SourceFile:118) [spigot.jar:3096a-Spigot-9fb885e-af1a232]
	at net.minecraft.server.v1_16_R3.MinecraftServer.bb(MinecraftServer.java:1061) [spigot.jar:3096a-Spigot-9fb885e-af1a232]
	at net.minecraft.server.v1_16_R3.MinecraftServer.executeNext(MinecraftServer.java:1054) [spigot.jar:3096a-Spigot-9fb885e-af1a232]
	at net.minecraft.server.v1_16_R3.IAsyncTaskHandler.awaitTasks(SourceFile:127) [spigot.jar:3096a-Spigot-9fb885e-af1a232]
	at net.minecraft.server.v1_16_R3.MinecraftServer.sleepForTick(MinecraftServer.java:1038) [spigot.jar:3096a-Spigot-9fb885e-af1a232]
	at net.minecraft.server.v1_16_R3.MinecraftServer.w(MinecraftServer.java:970) [spigot.jar:3096a-Spigot-9fb885e-af1a232]
	at net.minecraft.server.v1_16_R3.MinecraftServer.lambda$0(MinecraftServer.java:273) [spigot.jar:3096a-Spigot-9fb885e-af1a232]
	at net.minecraft.server.v1_16_R3.MinecraftServer$$Lambda$3244/136768389.run(Unknown Source) [spigot.jar:3096a-Spigot-9fb885e-af1a232]
	at java.lang.Thread.run(Unknown Source) [?:1.8.0_51]
Caused by: java.lang.NullPointerException
	at LeonidasUrfo.CombatDice.comandos.ComandoCombatDice.onCommand(ComandoCombatDice.java:152) ~[?:?]
	at org.bukkit.command.PluginCommand.execute(PluginCommand.java:45) ~[spigot.jar:3096a-Spigot-9fb885e-af1a232]
	... 21 more
[22:40:24] [Server thread/INFO]: Pepe_es_el_mejor issued server command: /cd no Leonidas_Urfo
[22:40:24] [Server thread/ERROR]: null
org.bukkit.command.CommandException: Unhandled exception executing command 'cd' in plugin CombatDice v24.07.2022-1221
	at org.bukkit.command.PluginCommand.execute(PluginCommand.java:47) ~[spigot.jar:3096a-Spigot-9fb885e-af1a232]
	at org.bukkit.command.SimpleCommandMap.dispatch(SimpleCommandMap.java:149) ~[spigot.jar:3096a-Spigot-9fb885e-af1a232]
	at org.bukkit.craftbukkit.v1_16_R3.CraftServer.dispatchCommand(CraftServer.java:761) ~[spigot.jar:3096a-Spigot-9fb885e-af1a232]
	at net.minecraft.server.v1_16_R3.PlayerConnection.handleCommand(PlayerConnection.java:1936) [spigot.jar:3096a-Spigot-9fb885e-af1a232]
	at net.minecraft.server.v1_16_R3.PlayerConnection.c(PlayerConnection.java:1779) [spigot.jar:3096a-Spigot-9fb885e-af1a232]
	at net.minecraft.server.v1_16_R3.PlayerConnection.a(PlayerConnection.java:1732) [spigot.jar:3096a-Spigot-9fb885e-af1a232]
	at net.minecraft.server.v1_16_R3.PacketPlayInChat.a(PacketPlayInChat.java:49) [spigot.jar:3096a-Spigot-9fb885e-af1a232]
	at net.minecraft.server.v1_16_R3.PacketPlayInChat.a(PacketPlayInChat.java:1) [spigot.jar:3096a-Spigot-9fb885e-af1a232]
	at net.minecraft.server.v1_16_R3.PlayerConnectionUtils.lambda$0(PlayerConnectionUtils.java:28) [spigot.jar:3096a-Spigot-9fb885e-af1a232]
	at net.minecraft.server.v1_16_R3.PlayerConnectionUtils$$Lambda$4150/421973096.run(Unknown Source) [spigot.jar:3096a-Spigot-9fb885e-af1a232]
	at net.minecraft.server.v1_16_R3.TickTask.run(SourceFile:18) [spigot.jar:3096a-Spigot-9fb885e-af1a232]
	at net.minecraft.server.v1_16_R3.IAsyncTaskHandler.executeTask(SourceFile:144) [spigot.jar:3096a-Spigot-9fb885e-af1a232]
	at net.minecraft.server.v1_16_R3.IAsyncTaskHandlerReentrant.executeTask(SourceFile:23) [spigot.jar:3096a-Spigot-9fb885e-af1a232]
	at net.minecraft.server.v1_16_R3.IAsyncTaskHandler.executeNext(SourceFile:118) [spigot.jar:3096a-Spigot-9fb885e-af1a232]
	at net.minecraft.server.v1_16_R3.MinecraftServer.bb(MinecraftServer.java:1061) [spigot.jar:3096a-Spigot-9fb885e-af1a232]
	at net.minecraft.server.v1_16_R3.MinecraftServer.executeNext(MinecraftServer.java:1054) [spigot.jar:3096a-Spigot-9fb885e-af1a232]
	at net.minecraft.server.v1_16_R3.IAsyncTaskHandler.awaitTasks(SourceFile:127) [spigot.jar:3096a-Spigot-9fb885e-af1a232]
	at net.minecraft.server.v1_16_R3.MinecraftServer.sleepForTick(MinecraftServer.java:1038) [spigot.jar:3096a-Spigot-9fb885e-af1a232]
	at net.minecraft.server.v1_16_R3.MinecraftServer.w(MinecraftServer.java:970) [spigot.jar:3096a-Spigot-9fb885e-af1a232]
	at net.minecraft.server.v1_16_R3.MinecraftServer.lambda$0(MinecraftServer.java:273) [spigot.jar:3096a-Spigot-9fb885e-af1a232]
	at net.minecraft.server.v1_16_R3.MinecraftServer$$Lambda$3244/136768389.run(Unknown Source) [spigot.jar:3096a-Spigot-9fb885e-af1a232]
	at java.lang.Thread.run(Unknown Source) [?:1.8.0_51]
Caused by: java.lang.NullPointerException
	at LeonidasUrfo.CombatDice.comandos.ComandoCombatDice.onCommand(ComandoCombatDice.java:152) ~[?:?]
	at org.bukkit.command.PluginCommand.execute(PluginCommand.java:45) ~[spigot.jar:3096a-Spigot-9fb885e-af1a232]
	... 21 more
[22:40:25] [Server thread/INFO]: Pepe_es_el_mejor issued server command: /cd no Leonidas_Urfo
[22:40:25] [Server thread/ERROR]: null
org.bukkit.command.CommandException: Unhandled exception executing command 'cd' in plugin CombatDice v24.07.2022-1221
	at org.bukkit.command.PluginCommand.execute(PluginCommand.java:47) ~[spigot.jar:3096a-Spigot-9fb885e-af1a232]
	at org.bukkit.command.SimpleCommandMap.dispatch(SimpleCommandMap.java:149) ~[spigot.jar:3096a-Spigot-9fb885e-af1a232]
	at org.bukkit.craftbukkit.v1_16_R3.CraftServer.dispatchCommand(CraftServer.java:761) ~[spigot.jar:3096a-Spigot-9fb885e-af1a232]
	at net.minecraft.server.v1_16_R3.PlayerConnection.handleCommand(PlayerConnection.java:1936) [spigot.jar:3096a-Spigot-9fb885e-af1a232]
	at net.minecraft.server.v1_16_R3.PlayerConnection.c(PlayerConnection.java:1779) [spigot.jar:3096a-Spigot-9fb885e-af1a232]
	at net.minecraft.server.v1_16_R3.PlayerConnection.a(PlayerConnection.java:1732) [spigot.jar:3096a-Spigot-9fb885e-af1a232]
	at net.minecraft.server.v1_16_R3.PacketPlayInChat.a(PacketPlayInChat.java:49) [spigot.jar:3096a-Spigot-9fb885e-af1a232]
	at net.minecraft.server.v1_16_R3.PacketPlayInChat.a(PacketPlayInChat.java:1) [spigot.jar:3096a-Spigot-9fb885e-af1a232]
	at net.minecraft.server.v1_16_R3.PlayerConnectionUtils.lambda$0(PlayerConnectionUtils.java:28) [spigot.jar:3096a-Spigot-9fb885e-af1a232]
	at net.minecraft.server.v1_16_R3.PlayerConnectionUtils$$Lambda$4150/421973096.run(Unknown Source) [spigot.jar:3096a-Spigot-9fb885e-af1a232]
	at net.minecraft.server.v1_16_R3.TickTask.run(SourceFile:18) [spigot.jar:3096a-Spigot-9fb885e-af1a232]
	at net.minecraft.server.v1_16_R3.IAsyncTaskHandler.executeTask(SourceFile:144) [spigot.jar:3096a-Spigot-9fb885e-af1a232]
	at net.minecraft.server.v1_16_R3.IAsyncTaskHandlerReentrant.executeTask(SourceFile:23) [spigot.jar:3096a-Spigot-9fb885e-af1a232]
	at net.minecraft.server.v1_16_R3.IAsyncTaskHandler.executeNext(SourceFile:118) [spigot.jar:3096a-Spigot-9fb885e-af1a232]
	at net.minecraft.server.v1_16_R3.MinecraftServer.bb(MinecraftServer.java:1061) [spigot.jar:3096a-Spigot-9fb885e-af1a232]
	at net.minecraft.server.v1_16_R3.MinecraftServer.executeNext(MinecraftServer.java:1054) [spigot.jar:3096a-Spigot-9fb885e-af1a232]
	at net.minecraft.server.v1_16_R3.IAsyncTaskHandler.awaitTasks(SourceFile:127) [spigot.jar:3096a-Spigot-9fb885e-af1a232]
	at net.minecraft.server.v1_16_R3.MinecraftServer.sleepForTick(MinecraftServer.java:1038) [spigot.jar:3096a-Spigot-9fb885e-af1a232]
	at net.minecraft.server.v1_16_R3.MinecraftServer.w(MinecraftServer.java:970) [spigot.jar:3096a-Spigot-9fb885e-af1a232]
	at net.minecraft.server.v1_16_R3.MinecraftServer.lambda$0(MinecraftServer.java:273) [spigot.jar:3096a-Spigot-9fb885e-af1a232]
	at net.minecraft.server.v1_16_R3.MinecraftServer$$Lambda$3244/136768389.run(Unknown Source) [spigot.jar:3096a-Spigot-9fb885e-af1a232]
	at java.lang.Thread.run(Unknown Source) [?:1.8.0_51]
Caused by: java.lang.NullPointerException
	at LeonidasUrfo.CombatDice.comandos.ComandoCombatDice.onCommand(ComandoCombatDice.java:152) ~[?:?]
	at org.bukkit.command.PluginCommand.execute(PluginCommand.java:45) ~[spigot.jar:3096a-Spigot-9fb885e-af1a232]
	... 21 more
[22:47:59] [Server thread/INFO]: Leonidas_Urfo issued server command: /cd info
[22:48:11] [Server thread/INFO]: Leonidas_Urfo issued server command: /reload
[22:48:11] [Server thread/INFO]: Leonidas_Urfo: Please note that this command is not supported and may cause issues when using some plugins.
[22:48:11] [Server thread/INFO]: Leonidas_Urfo: If you encounter any issues please use the /stop command to restart your server.
[22:48:11] [Server thread/INFO]: Debug logging is disabled
[22:48:11] [Server thread/INFO]: Server Ping Player Sample Count: 12
[22:48:11] [Server thread/INFO]: Using 4 threads for Netty based IO
[22:48:11] [Server thread/INFO]: -------- World Settings For [world] --------
[22:48:11] [Server thread/INFO]: Allow Zombie Pigmen to spawn from portal blocks: true
[22:48:11] [Server thread/INFO]: Entity Tracking Range: Pl 48 / An 48 / Mo 48 / Mi 32 / Other 64
[22:48:11] [Server thread/INFO]: Tile Max Tick Time: 50ms Entity max Tick Time: 50ms
[22:48:11] [Server thread/INFO]: Max TNT Explosions: 100
[22:48:11] [Server thread/INFO]: Entity Activation Range: An 32 / Mo 32 / Ra 48 / Mi 16 / Tiv true
[22:48:11] [Server thread/INFO]: Hopper Transfer: 8 Hopper Check: 1 Hopper Amount: 1
[22:48:11] [Server thread/INFO]: Item Merge Radius: 2.5
[22:48:11] [Server thread/INFO]: Item Despawn Rate: 6000
[22:48:11] [Server thread/INFO]: View Distance: 10
[22:48:11] [Server thread/INFO]: Nerfing mobs spawned from spawners: false
[22:48:11] [Server thread/INFO]: Custom Map Seeds:  Village: 10387312 Desert: 14357617 Igloo: 14357618 Jungle: 14357619 Swamp: 14357620 Monument: 10387313 Ocean: 14357621 Shipwreck: 165745295 End City: 10387313 Slime: 987234911 Bastion: 30084232 Fortress: 30084232 Mansion: 10387319 Fossil: 14357921 Portal: 34222645
[22:48:11] [Server thread/INFO]: Zombie Aggressive Towards Villager: true
[22:48:11] [Server thread/INFO]: Arrow Despawn Rate: 1200 Trident Respawn Rate:1200
[22:48:11] [Server thread/INFO]: Cactus Growth Modifier: 100%
[22:48:11] [Server thread/INFO]: Cane Growth Modifier: 100%
[22:48:11] [Server thread/INFO]: Melon Growth Modifier: 100%
[22:48:11] [Server thread/INFO]: Mushroom Growth Modifier: 100%
[22:48:11] [Server thread/INFO]: Pumpkin Growth Modifier: 100%
[22:48:11] [Server thread/INFO]: Sapling Growth Modifier: 100%
[22:48:11] [Server thread/INFO]: Beetroot Growth Modifier: 100%
[22:48:11] [Server thread/INFO]: Carrot Growth Modifier: 100%
[22:48:11] [Server thread/INFO]: Potato Growth Modifier: 100%
[22:48:11] [Server thread/INFO]: Wheat Growth Modifier: 100%
[22:48:11] [Server thread/INFO]: NetherWart Growth Modifier: 100%
[22:48:11] [Server thread/INFO]: Vine Growth Modifier: 100%
[22:48:11] [Server thread/INFO]: Cocoa Growth Modifier: 100%
[22:48:11] [Server thread/INFO]: Bamboo Growth Modifier: 100%
[22:48:11] [Server thread/INFO]: SweetBerry Growth Modifier: 100%
[22:48:11] [Server thread/INFO]: Kelp Growth Modifier: 100%
[22:48:11] [Server thread/INFO]: Mob Spawn Range: 6
[22:48:11] [Server thread/INFO]: Experience Merge Radius: 3.0
[22:48:11] [Server thread/INFO]: -------- World Settings For [world_nether] --------
[22:48:11] [Server thread/INFO]: Allow Zombie Pigmen to spawn from portal blocks: true
[22:48:11] [Server thread/INFO]: Entity Tracking Range: Pl 48 / An 48 / Mo 48 / Mi 32 / Other 64
[22:48:11] [Server thread/INFO]: Tile Max Tick Time: 50ms Entity max Tick Time: 50ms
[22:48:11] [Server thread/INFO]: Max TNT Explosions: 100
[22:48:11] [Server thread/INFO]: Entity Activation Range: An 32 / Mo 32 / Ra 48 / Mi 16 / Tiv true
[22:48:11] [Server thread/INFO]: Hopper Transfer: 8 Hopper Check: 1 Hopper Amount: 1
[22:48:11] [Server thread/INFO]: Item Merge Radius: 2.5
[22:48:11] [Server thread/INFO]: Item Despawn Rate: 6000
[22:48:11] [Server thread/INFO]: View Distance: 10
[22:48:11] [Server thread/INFO]: Nerfing mobs spawned from spawners: false
[22:48:11] [Server thread/INFO]: Custom Map Seeds:  Village: 10387312 Desert: 14357617 Igloo: 14357618 Jungle: 14357619 Swamp: 14357620 Monument: 10387313 Ocean: 14357621 Shipwreck: 165745295 End City: 10387313 Slime: 987234911 Bastion: 30084232 Fortress: 30084232 Mansion: 10387319 Fossil: 14357921 Portal: 34222645
[22:48:11] [Server thread/INFO]: Zombie Aggressive Towards Villager: true
[22:48:11] [Server thread/INFO]: Arrow Despawn Rate: 1200 Trident Respawn Rate:1200
[22:48:11] [Server thread/INFO]: Cactus Growth Modifier: 100%
[22:48:11] [Server thread/INFO]: Cane Growth Modifier: 100%
[22:48:11] [Server thread/INFO]: Melon Growth Modifier: 100%
[22:48:11] [Server thread/INFO]: Mushroom Growth Modifier: 100%
[22:48:11] [Server thread/INFO]: Pumpkin Growth Modifier: 100%
[22:48:11] [Server thread/INFO]: Sapling Growth Modifier: 100%
[22:48:11] [Server thread/INFO]: Beetroot Growth Modifier: 100%
[22:48:11] [Server thread/INFO]: Carrot Growth Modifier: 100%
[22:48:11] [Server thread/INFO]: Potato Growth Modifier: 100%
[22:48:11] [Server thread/INFO]: Wheat Growth Modifier: 100%
[22:48:11] [Server thread/INFO]: NetherWart Growth Modifier: 100%
[22:48:11] [Server thread/INFO]: Vine Growth Modifier: 100%
[22:48:11] [Server thread/INFO]: Cocoa Growth Modifier: 100%
[22:48:11] [Server thread/INFO]: Bamboo Growth Modifier: 100%
[22:48:11] [Server thread/INFO]: SweetBerry Growth Modifier: 100%
[22:48:11] [Server thread/INFO]: Kelp Growth Modifier: 100%
[22:48:11] [Server thread/INFO]: Mob Spawn Range: 6
[22:48:11] [Server thread/INFO]: Experience Merge Radius: 3.0
[22:48:11] [Server thread/INFO]: -------- World Settings For [world_the_end] --------
[22:48:11] [Server thread/INFO]: Allow Zombie Pigmen to spawn from portal blocks: true
[22:48:11] [Server thread/INFO]: Entity Tracking Range: Pl 48 / An 48 / Mo 48 / Mi 32 / Other 64
[22:48:11] [Server thread/INFO]: Tile Max Tick Time: 50ms Entity max Tick Time: 50ms
[22:48:11] [Server thread/INFO]: Max TNT Explosions: 100
[22:48:11] [Server thread/INFO]: Entity Activation Range: An 32 / Mo 32 / Ra 48 / Mi 16 / Tiv true
[22:48:11] [Server thread/INFO]: Hopper Transfer: 8 Hopper Check: 1 Hopper Amount: 1
[22:48:11] [Server thread/INFO]: Item Merge Radius: 2.5
[22:48:11] [Server thread/INFO]: Item Despawn Rate: 6000
[22:48:11] [Server thread/INFO]: View Distance: 10
[22:48:11] [Server thread/INFO]: Nerfing mobs spawned from spawners: false
[22:48:11] [Server thread/INFO]: Custom Map Seeds:  Village: 10387312 Desert: 14357617 Igloo: 14357618 Jungle: 14357619 Swamp: 14357620 Monument: 10387313 Ocean: 14357621 Shipwreck: 165745295 End City: 10387313 Slime: 987234911 Bastion: 30084232 Fortress: 30084232 Mansion: 10387319 Fossil: 14357921 Portal: 34222645
[22:48:11] [Server thread/INFO]: Zombie Aggressive Towards Villager: true
[22:48:11] [Server thread/INFO]: Arrow Despawn Rate: 1200 Trident Respawn Rate:1200
[22:48:11] [Server thread/INFO]: Cactus Growth Modifier: 100%
[22:48:11] [Server thread/INFO]: Cane Growth Modifier: 100%
[22:48:11] [Server thread/INFO]: Melon Growth Modifier: 100%
[22:48:11] [Server thread/INFO]: Mushroom Growth Modifier: 100%
[22:48:11] [Server thread/INFO]: Pumpkin Growth Modifier: 100%
[22:48:11] [Server thread/INFO]: Sapling Growth Modifier: 100%
[22:48:11] [Server thread/INFO]: Beetroot Growth Modifier: 100%
[22:48:11] [Server thread/INFO]: Carrot Growth Modifier: 100%
[22:48:11] [Server thread/INFO]: Potato Growth Modifier: 100%
[22:48:11] [Server thread/INFO]: Wheat Growth Modifier: 100%
[22:48:11] [Server thread/INFO]: NetherWart Growth Modifier: 100%
[22:48:11] [Server thread/INFO]: Vine Growth Modifier: 100%
[22:48:11] [Server thread/INFO]: Cocoa Growth Modifier: 100%
[22:48:11] [Server thread/INFO]: Bamboo Growth Modifier: 100%
[22:48:11] [Server thread/INFO]: SweetBerry Growth Modifier: 100%
[22:48:11] [Server thread/INFO]: Kelp Growth Modifier: 100%
[22:48:11] [Server thread/INFO]: Mob Spawn Range: 6
[22:48:11] [Server thread/INFO]: Experience Merge Radius: 3.0
[22:48:11] [Server thread/INFO]: [CombatDice] Disabling CombatDice v24.07.2022-1221
[22:48:11] [Server thread/INFO]: [CombatDice] Desactivando el plugin CombatDice en la versión 24.07.2022-1221
[22:48:11] [Server thread/INFO]: Reloading ResourceManager: Default, bukkit
[22:48:11] [Server thread/INFO]: Loaded 7 recipes
[22:48:12] [Server thread/INFO]: Reloading ResourceManager: Default, bukkit
[22:48:12] [Server thread/INFO]: Loaded 7 recipes
[22:48:12] [Server thread/WARN]: Legacy plugin CombatDice v24.07.2022-1221 does not specify an api-version.
[22:48:12] [Server thread/INFO]: [CombatDice] Loading CombatDice v24.07.2022-1221
[22:48:12] [Server thread/INFO]: [CombatDice] Enabling CombatDice v24.07.2022-1221
[22:48:12] [Server thread/INFO]: [CombatDice] Cargando el plugin CombatDice en la versión 24.07.2022-1221
[22:48:12] [Server thread/INFO]: Server permissions file permissions.yml is empty, ignoring it
[22:48:12] [Server thread/INFO]: Leonidas_Urfo: Reload complete.
[22:48:15] [Server thread/INFO]: Leonidas_Urfo issued server command: /cd start Pepe_es_el_mejor 3
[22:48:19] [Server thread/INFO]: Leonidas_Urfo issued server command: /cd info
[22:48:25] [Async Chat Thread - #0/INFO]: <Leonidas_Urfo> a
[22:48:36] [Server thread/INFO]: Pepe_es_el_mejor issued server command: /cd no Pepe_es_el_mejor Leonidas_Urfo
[22:48:36] [Server thread/INFO]: No se inició el combate
[22:48:45] [Server thread/INFO]: Leonidas_Urfo issued server command: /cd info
[22:50:52] [Server thread/INFO]: Leonidas_Urfo issued server command: /reload
[22:50:52] [Server thread/INFO]: Leonidas_Urfo: Please note that this command is not supported and may cause issues when using some plugins.
[22:50:52] [Server thread/INFO]: Leonidas_Urfo: If you encounter any issues please use the /stop command to restart your server.
[22:50:52] [Server thread/INFO]: Debug logging is disabled
[22:50:52] [Server thread/INFO]: Server Ping Player Sample Count: 12
[22:50:52] [Server thread/INFO]: Using 4 threads for Netty based IO
[22:50:52] [Server thread/INFO]: -------- World Settings For [world] --------
[22:50:52] [Server thread/INFO]: Allow Zombie Pigmen to spawn from portal blocks: true
[22:50:52] [Server thread/INFO]: Entity Tracking Range: Pl 48 / An 48 / Mo 48 / Mi 32 / Other 64
[22:50:52] [Server thread/INFO]: Tile Max Tick Time: 50ms Entity max Tick Time: 50ms
[22:50:52] [Server thread/INFO]: Max TNT Explosions: 100
[22:50:52] [Server thread/INFO]: Entity Activation Range: An 32 / Mo 32 / Ra 48 / Mi 16 / Tiv true
[22:50:52] [Server thread/INFO]: Hopper Transfer: 8 Hopper Check: 1 Hopper Amount: 1
[22:50:52] [Server thread/INFO]: Item Merge Radius: 2.5
[22:50:52] [Server thread/INFO]: Item Despawn Rate: 6000
[22:50:52] [Server thread/INFO]: View Distance: 10
[22:50:52] [Server thread/INFO]: Nerfing mobs spawned from spawners: false
[22:50:52] [Server thread/INFO]: Custom Map Seeds:  Village: 10387312 Desert: 14357617 Igloo: 14357618 Jungle: 14357619 Swamp: 14357620 Monument: 10387313 Ocean: 14357621 Shipwreck: 165745295 End City: 10387313 Slime: 987234911 Bastion: 30084232 Fortress: 30084232 Mansion: 10387319 Fossil: 14357921 Portal: 34222645
[22:50:52] [Server thread/INFO]: Zombie Aggressive Towards Villager: true
[22:50:52] [Server thread/INFO]: Arrow Despawn Rate: 1200 Trident Respawn Rate:1200
[22:50:52] [Server thread/INFO]: Cactus Growth Modifier: 100%
[22:50:52] [Server thread/INFO]: Cane Growth Modifier: 100%
[22:50:52] [Server thread/INFO]: Melon Growth Modifier: 100%
[22:50:52] [Server thread/INFO]: Mushroom Growth Modifier: 100%
[22:50:52] [Server thread/INFO]: Pumpkin Growth Modifier: 100%
[22:50:52] [Server thread/INFO]: Sapling Growth Modifier: 100%
[22:50:52] [Server thread/INFO]: Beetroot Growth Modifier: 100%
[22:50:52] [Server thread/INFO]: Carrot Growth Modifier: 100%
[22:50:52] [Server thread/INFO]: Potato Growth Modifier: 100%
[22:50:52] [Server thread/INFO]: Wheat Growth Modifier: 100%
[22:50:52] [Server thread/INFO]: NetherWart Growth Modifier: 100%
[22:50:52] [Server thread/INFO]: Vine Growth Modifier: 100%
[22:50:52] [Server thread/INFO]: Cocoa Growth Modifier: 100%
[22:50:52] [Server thread/INFO]: Bamboo Growth Modifier: 100%
[22:50:52] [Server thread/INFO]: SweetBerry Growth Modifier: 100%
[22:50:52] [Server thread/INFO]: Kelp Growth Modifier: 100%
[22:50:52] [Server thread/INFO]: Mob Spawn Range: 6
[22:50:52] [Server thread/INFO]: Experience Merge Radius: 3.0
[22:50:52] [Server thread/INFO]: -------- World Settings For [world_nether] --------
[22:50:52] [Server thread/INFO]: Allow Zombie Pigmen to spawn from portal blocks: true
[22:50:52] [Server thread/INFO]: Entity Tracking Range: Pl 48 / An 48 / Mo 48 / Mi 32 / Other 64
[22:50:52] [Server thread/INFO]: Tile Max Tick Time: 50ms Entity max Tick Time: 50ms
[22:50:52] [Server thread/INFO]: Max TNT Explosions: 100
[22:50:52] [Server thread/INFO]: Entity Activation Range: An 32 / Mo 32 / Ra 48 / Mi 16 / Tiv true
[22:50:52] [Server thread/INFO]: Hopper Transfer: 8 Hopper Check: 1 Hopper Amount: 1
[22:50:52] [Server thread/INFO]: Item Merge Radius: 2.5
[22:50:52] [Server thread/INFO]: Item Despawn Rate: 6000
[22:50:52] [Server thread/INFO]: View Distance: 10
[22:50:52] [Server thread/INFO]: Nerfing mobs spawned from spawners: false
[22:50:52] [Server thread/INFO]: Custom Map Seeds:  Village: 10387312 Desert: 14357617 Igloo: 14357618 Jungle: 14357619 Swamp: 14357620 Monument: 10387313 Ocean: 14357621 Shipwreck: 165745295 End City: 10387313 Slime: 987234911 Bastion: 30084232 Fortress: 30084232 Mansion: 10387319 Fossil: 14357921 Portal: 34222645
[22:50:52] [Server thread/INFO]: Zombie Aggressive Towards Villager: true
[22:50:52] [Server thread/INFO]: Arrow Despawn Rate: 1200 Trident Respawn Rate:1200
[22:50:52] [Server thread/INFO]: Cactus Growth Modifier: 100%
[22:50:52] [Server thread/INFO]: Cane Growth Modifier: 100%
[22:50:52] [Server thread/INFO]: Melon Growth Modifier: 100%
[22:50:52] [Server thread/INFO]: Mushroom Growth Modifier: 100%
[22:50:52] [Server thread/INFO]: Pumpkin Growth Modifier: 100%
[22:50:52] [Server thread/INFO]: Sapling Growth Modifier: 100%
[22:50:52] [Server thread/INFO]: Beetroot Growth Modifier: 100%
[22:50:52] [Server thread/INFO]: Carrot Growth Modifier: 100%
[22:50:52] [Server thread/INFO]: Potato Growth Modifier: 100%
[22:50:52] [Server thread/INFO]: Wheat Growth Modifier: 100%
[22:50:52] [Server thread/INFO]: NetherWart Growth Modifier: 100%
[22:50:52] [Server thread/INFO]: Vine Growth Modifier: 100%
[22:50:52] [Server thread/INFO]: Cocoa Growth Modifier: 100%
[22:50:52] [Server thread/INFO]: Bamboo Growth Modifier: 100%
[22:50:52] [Server thread/INFO]: SweetBerry Growth Modifier: 100%
[22:50:52] [Server thread/INFO]: Kelp Growth Modifier: 100%
[22:50:52] [Server thread/INFO]: Mob Spawn Range: 6
[22:50:52] [Server thread/INFO]: Experience Merge Radius: 3.0
[22:50:52] [Server thread/INFO]: -------- World Settings For [world_the_end] --------
[22:50:52] [Server thread/INFO]: Allow Zombie Pigmen to spawn from portal blocks: true
[22:50:52] [Server thread/INFO]: Entity Tracking Range: Pl 48 / An 48 / Mo 48 / Mi 32 / Other 64
[22:50:52] [Server thread/INFO]: Tile Max Tick Time: 50ms Entity max Tick Time: 50ms
[22:50:52] [Server thread/INFO]: Max TNT Explosions: 100
[22:50:52] [Server thread/INFO]: Entity Activation Range: An 32 / Mo 32 / Ra 48 / Mi 16 / Tiv true
[22:50:52] [Server thread/INFO]: Hopper Transfer: 8 Hopper Check: 1 Hopper Amount: 1
[22:50:52] [Server thread/INFO]: Item Merge Radius: 2.5
[22:50:52] [Server thread/INFO]: Item Despawn Rate: 6000
[22:50:52] [Server thread/INFO]: View Distance: 10
[22:50:52] [Server thread/INFO]: Nerfing mobs spawned from spawners: false
[22:50:52] [Server thread/INFO]: Custom Map Seeds:  Village: 10387312 Desert: 14357617 Igloo: 14357618 Jungle: 14357619 Swamp: 14357620 Monument: 10387313 Ocean: 14357621 Shipwreck: 165745295 End City: 10387313 Slime: 987234911 Bastion: 30084232 Fortress: 30084232 Mansion: 10387319 Fossil: 14357921 Portal: 34222645
[22:50:52] [Server thread/INFO]: Zombie Aggressive Towards Villager: true
[22:50:52] [Server thread/INFO]: Arrow Despawn Rate: 1200 Trident Respawn Rate:1200
[22:50:52] [Server thread/INFO]: Cactus Growth Modifier: 100%
[22:50:52] [Server thread/INFO]: Cane Growth Modifier: 100%
[22:50:52] [Server thread/INFO]: Melon Growth Modifier: 100%
[22:50:52] [Server thread/INFO]: Mushroom Growth Modifier: 100%
[22:50:52] [Server thread/INFO]: Pumpkin Growth Modifier: 100%
[22:50:52] [Server thread/INFO]: Sapling Growth Modifier: 100%
[22:50:52] [Server thread/INFO]: Beetroot Growth Modifier: 100%
[22:50:52] [Server thread/INFO]: Carrot Growth Modifier: 100%
[22:50:52] [Server thread/INFO]: Potato Growth Modifier: 100%
[22:50:52] [Server thread/INFO]: Wheat Growth Modifier: 100%
[22:50:52] [Server thread/INFO]: NetherWart Growth Modifier: 100%
[22:50:52] [Server thread/INFO]: Vine Growth Modifier: 100%
[22:50:52] [Server thread/INFO]: Cocoa Growth Modifier: 100%
[22:50:52] [Server thread/INFO]: Bamboo Growth Modifier: 100%
[22:50:52] [Server thread/INFO]: SweetBerry Growth Modifier: 100%
[22:50:52] [Server thread/INFO]: Kelp Growth Modifier: 100%
[22:50:52] [Server thread/INFO]: Mob Spawn Range: 6
[22:50:52] [Server thread/INFO]: Experience Merge Radius: 3.0
[22:50:52] [Server thread/INFO]: [CombatDice] Disabling CombatDice v24.07.2022-1221
[22:50:52] [Server thread/INFO]: [CombatDice] Desactivando el plugin CombatDice en la versión 24.07.2022-1221
[22:50:52] [Server thread/INFO]: Reloading ResourceManager: Default, bukkit
[22:50:52] [Server thread/INFO]: Loaded 7 recipes
[22:50:52] [Server thread/INFO]: Reloading ResourceManager: Default, bukkit
[22:50:53] [Server thread/INFO]: Loaded 7 recipes
[22:50:53] [Server thread/WARN]: Legacy plugin CombatDice v24.07.2022-1221 does not specify an api-version.
[22:50:53] [Server thread/INFO]: [CombatDice] Loading CombatDice v24.07.2022-1221
[22:50:53] [Server thread/INFO]: [CombatDice] Enabling CombatDice v24.07.2022-1221
[22:50:53] [Server thread/INFO]: [CombatDice] Cargando el plugin CombatDice en la versión 24.07.2022-1221
[22:50:53] [Server thread/INFO]: Server permissions file permissions.yml is empty, ignoring it
[22:50:53] [Server thread/INFO]: Leonidas_Urfo: Reload complete.
[22:50:57] [Server thread/INFO]: Leonidas_Urfo issued server command: /cd start Pepe_es_el_mejor 3
[22:51:01] [Server thread/INFO]: Leonidas_Urfo issued server command: /cd info
[22:51:31] [Server thread/INFO]: Pepe_es_el_mejor issued server command: /cd start Leonidas_Urfo 10
[22:51:36] [Server thread/INFO]: Leonidas_Urfo issued server command: /cd info
[22:51:40] [Server thread/INFO]: Leonidas_Urfo issued server command: /cd yes Leonidas_Urfo Pepe_es_el_mejor 10
[22:51:40] [Server thread/INFO]: ####################################################
[22:51:40] [Server thread/INFO]: Se ha iniciado el combate entre Pepe_es_el_mejor y Leonidas_Urfo a 10 golpes
[22:51:40] [Server thread/INFO]: 
[22:51:40] [Server thread/INFO]: Pepe_es_el_mejor 0 - 0 Leonidas_Urfo
[22:51:40] [Server thread/INFO]: Pepe_es_el_mejor ha tirado un 10
[22:51:40] [Server thread/INFO]: Leonidas_Urfo ha tirado un 14
[22:51:40] [Server thread/INFO]: 
[22:51:40] [Server thread/INFO]: Empieza el jugador Leonidas_Urfo
[22:51:48] [Server thread/INFO]: Leonidas_Urfo issued server command: /cd info
[22:53:34] [Server thread/INFO]: Leonidas_Urfo issued server command: /reload
[22:53:34] [Server thread/INFO]: Leonidas_Urfo: Please note that this command is not supported and may cause issues when using some plugins.
[22:53:34] [Server thread/INFO]: Leonidas_Urfo: If you encounter any issues please use the /stop command to restart your server.
[22:53:34] [Server thread/INFO]: Debug logging is disabled
[22:53:34] [Server thread/INFO]: Server Ping Player Sample Count: 12
[22:53:34] [Server thread/INFO]: Using 4 threads for Netty based IO
[22:53:34] [Server thread/INFO]: -------- World Settings For [world] --------
[22:53:34] [Server thread/INFO]: Allow Zombie Pigmen to spawn from portal blocks: true
[22:53:34] [Server thread/INFO]: Entity Tracking Range: Pl 48 / An 48 / Mo 48 / Mi 32 / Other 64
[22:53:34] [Server thread/INFO]: Tile Max Tick Time: 50ms Entity max Tick Time: 50ms
[22:53:34] [Server thread/INFO]: Max TNT Explosions: 100
[22:53:34] [Server thread/INFO]: Entity Activation Range: An 32 / Mo 32 / Ra 48 / Mi 16 / Tiv true
[22:53:34] [Server thread/INFO]: Hopper Transfer: 8 Hopper Check: 1 Hopper Amount: 1
[22:53:34] [Server thread/INFO]: Item Merge Radius: 2.5
[22:53:34] [Server thread/INFO]: Item Despawn Rate: 6000
[22:53:34] [Server thread/INFO]: View Distance: 10
[22:53:34] [Server thread/INFO]: Nerfing mobs spawned from spawners: false
[22:53:34] [Server thread/INFO]: Custom Map Seeds:  Village: 10387312 Desert: 14357617 Igloo: 14357618 Jungle: 14357619 Swamp: 14357620 Monument: 10387313 Ocean: 14357621 Shipwreck: 165745295 End City: 10387313 Slime: 987234911 Bastion: 30084232 Fortress: 30084232 Mansion: 10387319 Fossil: 14357921 Portal: 34222645
[22:53:34] [Server thread/INFO]: Zombie Aggressive Towards Villager: true
[22:53:34] [Server thread/INFO]: Arrow Despawn Rate: 1200 Trident Respawn Rate:1200
[22:53:34] [Server thread/INFO]: Cactus Growth Modifier: 100%
[22:53:34] [Server thread/INFO]: Cane Growth Modifier: 100%
[22:53:34] [Server thread/INFO]: Melon Growth Modifier: 100%
[22:53:34] [Server thread/INFO]: Mushroom Growth Modifier: 100%
[22:53:34] [Server thread/INFO]: Pumpkin Growth Modifier: 100%
[22:53:34] [Server thread/INFO]: Sapling Growth Modifier: 100%
[22:53:34] [Server thread/INFO]: Beetroot Growth Modifier: 100%
[22:53:34] [Server thread/INFO]: Carrot Growth Modifier: 100%
[22:53:34] [Server thread/INFO]: Potato Growth Modifier: 100%
[22:53:34] [Server thread/INFO]: Wheat Growth Modifier: 100%
[22:53:34] [Server thread/INFO]: NetherWart Growth Modifier: 100%
[22:53:34] [Server thread/INFO]: Vine Growth Modifier: 100%
[22:53:34] [Server thread/INFO]: Cocoa Growth Modifier: 100%
[22:53:34] [Server thread/INFO]: Bamboo Growth Modifier: 100%
[22:53:34] [Server thread/INFO]: SweetBerry Growth Modifier: 100%
[22:53:34] [Server thread/INFO]: Kelp Growth Modifier: 100%
[22:53:34] [Server thread/INFO]: Mob Spawn Range: 6
[22:53:34] [Server thread/INFO]: Experience Merge Radius: 3.0
[22:53:34] [Server thread/INFO]: -------- World Settings For [world_nether] --------
[22:53:34] [Server thread/INFO]: Allow Zombie Pigmen to spawn from portal blocks: true
[22:53:34] [Server thread/INFO]: Entity Tracking Range: Pl 48 / An 48 / Mo 48 / Mi 32 / Other 64
[22:53:34] [Server thread/INFO]: Tile Max Tick Time: 50ms Entity max Tick Time: 50ms
[22:53:34] [Server thread/INFO]: Max TNT Explosions: 100
[22:53:34] [Server thread/INFO]: Entity Activation Range: An 32 / Mo 32 / Ra 48 / Mi 16 / Tiv true
[22:53:34] [Server thread/INFO]: Hopper Transfer: 8 Hopper Check: 1 Hopper Amount: 1
[22:53:34] [Server thread/INFO]: Item Merge Radius: 2.5
[22:53:34] [Server thread/INFO]: Item Despawn Rate: 6000
[22:53:34] [Server thread/INFO]: View Distance: 10
[22:53:34] [Server thread/INFO]: Nerfing mobs spawned from spawners: false
[22:53:34] [Server thread/INFO]: Custom Map Seeds:  Village: 10387312 Desert: 14357617 Igloo: 14357618 Jungle: 14357619 Swamp: 14357620 Monument: 10387313 Ocean: 14357621 Shipwreck: 165745295 End City: 10387313 Slime: 987234911 Bastion: 30084232 Fortress: 30084232 Mansion: 10387319 Fossil: 14357921 Portal: 34222645
[22:53:34] [Server thread/INFO]: Zombie Aggressive Towards Villager: true
[22:53:34] [Server thread/INFO]: Arrow Despawn Rate: 1200 Trident Respawn Rate:1200
[22:53:34] [Server thread/INFO]: Cactus Growth Modifier: 100%
[22:53:34] [Server thread/INFO]: Cane Growth Modifier: 100%
[22:53:34] [Server thread/INFO]: Melon Growth Modifier: 100%
[22:53:34] [Server thread/INFO]: Mushroom Growth Modifier: 100%
[22:53:34] [Server thread/INFO]: Pumpkin Growth Modifier: 100%
[22:53:34] [Server thread/INFO]: Sapling Growth Modifier: 100%
[22:53:34] [Server thread/INFO]: Beetroot Growth Modifier: 100%
[22:53:34] [Server thread/INFO]: Carrot Growth Modifier: 100%
[22:53:34] [Server thread/INFO]: Potato Growth Modifier: 100%
[22:53:34] [Server thread/INFO]: Wheat Growth Modifier: 100%
[22:53:34] [Server thread/INFO]: NetherWart Growth Modifier: 100%
[22:53:34] [Server thread/INFO]: Vine Growth Modifier: 100%
[22:53:34] [Server thread/INFO]: Cocoa Growth Modifier: 100%
[22:53:34] [Server thread/INFO]: Bamboo Growth Modifier: 100%
[22:53:34] [Server thread/INFO]: SweetBerry Growth Modifier: 100%
[22:53:34] [Server thread/INFO]: Kelp Growth Modifier: 100%
[22:53:34] [Server thread/INFO]: Mob Spawn Range: 6
[22:53:34] [Server thread/INFO]: Experience Merge Radius: 3.0
[22:53:34] [Server thread/INFO]: -------- World Settings For [world_the_end] --------
[22:53:34] [Server thread/INFO]: Allow Zombie Pigmen to spawn from portal blocks: true
[22:53:34] [Server thread/INFO]: Entity Tracking Range: Pl 48 / An 48 / Mo 48 / Mi 32 / Other 64
[22:53:34] [Server thread/INFO]: Tile Max Tick Time: 50ms Entity max Tick Time: 50ms
[22:53:34] [Server thread/INFO]: Max TNT Explosions: 100
[22:53:34] [Server thread/INFO]: Entity Activation Range: An 32 / Mo 32 / Ra 48 / Mi 16 / Tiv true
[22:53:34] [Server thread/INFO]: Hopper Transfer: 8 Hopper Check: 1 Hopper Amount: 1
[22:53:34] [Server thread/INFO]: Item Merge Radius: 2.5
[22:53:34] [Server thread/INFO]: Item Despawn Rate: 6000
[22:53:34] [Server thread/INFO]: View Distance: 10
[22:53:34] [Server thread/INFO]: Nerfing mobs spawned from spawners: false
[22:53:34] [Server thread/INFO]: Custom Map Seeds:  Village: 10387312 Desert: 14357617 Igloo: 14357618 Jungle: 14357619 Swamp: 14357620 Monument: 10387313 Ocean: 14357621 Shipwreck: 165745295 End City: 10387313 Slime: 987234911 Bastion: 30084232 Fortress: 30084232 Mansion: 10387319 Fossil: 14357921 Portal: 34222645
[22:53:34] [Server thread/INFO]: Zombie Aggressive Towards Villager: true
[22:53:34] [Server thread/INFO]: Arrow Despawn Rate: 1200 Trident Respawn Rate:1200
[22:53:34] [Server thread/INFO]: Cactus Growth Modifier: 100%
[22:53:34] [Server thread/INFO]: Cane Growth Modifier: 100%
[22:53:34] [Server thread/INFO]: Melon Growth Modifier: 100%
[22:53:34] [Server thread/INFO]: Mushroom Growth Modifier: 100%
[22:53:34] [Server thread/INFO]: Pumpkin Growth Modifier: 100%
[22:53:34] [Server thread/INFO]: Sapling Growth Modifier: 100%
[22:53:34] [Server thread/INFO]: Beetroot Growth Modifier: 100%
[22:53:34] [Server thread/INFO]: Carrot Growth Modifier: 100%
[22:53:34] [Server thread/INFO]: Potato Growth Modifier: 100%
[22:53:34] [Server thread/INFO]: Wheat Growth Modifier: 100%
[22:53:34] [Server thread/INFO]: NetherWart Growth Modifier: 100%
[22:53:34] [Server thread/INFO]: Vine Growth Modifier: 100%
[22:53:34] [Server thread/INFO]: Cocoa Growth Modifier: 100%
[22:53:35] [Server thread/INFO]: Bamboo Growth Modifier: 100%
[22:53:35] [Server thread/INFO]: SweetBerry Growth Modifier: 100%
[22:53:35] [Server thread/INFO]: Kelp Growth Modifier: 100%
[22:53:35] [Server thread/INFO]: Mob Spawn Range: 6
[22:53:35] [Server thread/INFO]: Experience Merge Radius: 3.0
[22:53:35] [Server thread/INFO]: [CombatDice] Disabling CombatDice v24.07.2022-1221
[22:53:35] [Server thread/INFO]: [CombatDice] Desactivando el plugin CombatDice en la versión 24.07.2022-1221
[22:53:35] [Server thread/INFO]: Reloading ResourceManager: Default, bukkit
[22:53:35] [Server thread/INFO]: Loaded 7 recipes
[22:53:35] [Server thread/INFO]: Reloading ResourceManager: Default, bukkit
[22:53:35] [Server thread/INFO]: Loaded 7 recipes
[22:53:36] [Server thread/WARN]: Legacy plugin CombatDice v24.07.2022-1221 does not specify an api-version.
[22:53:36] [Server thread/INFO]: [CombatDice] Loading CombatDice v24.07.2022-1221
[22:53:36] [Server thread/INFO]: [CombatDice] Enabling CombatDice v24.07.2022-1221
[22:53:36] [Server thread/INFO]: [CombatDice] Cargando el plugin CombatDice en la versión 24.07.2022-1221
[22:53:36] [Server thread/INFO]: Server permissions file permissions.yml is empty, ignoring it
[22:53:36] [Server thread/INFO]: Leonidas_Urfo: Reload complete.
[22:53:43] [Server thread/INFO]: Leonidas_Urfo issued server command: /cd start Leonidas_Urfo 10
[22:53:51] [Server thread/INFO]: Leonidas_Urfo issued server command: /cd start Pepe_es_el_mejor 10
[22:53:56] [Server thread/INFO]: Leonidas_Urfo issued server command: /cd start Pepe_es_el_mejor 10
[22:54:11] [Server thread/INFO]: Pepe_es_el_mejor issued server command: /cd yes Pepe_es_el_mejor Leonidas_Urfo 10
[22:54:11] [Server thread/INFO]: ####################################################
[22:54:11] [Server thread/INFO]: Se ha iniciado el combate entre Leonidas_Urfo y Pepe_es_el_mejor a 10 golpes
[22:54:11] [Server thread/INFO]: 
[22:54:11] [Server thread/INFO]: Leonidas_Urfo 0 - 0 Pepe_es_el_mejor
[22:54:11] [Server thread/INFO]: Leonidas_Urfo ha tirado un 12
[22:54:11] [Server thread/INFO]: Pepe_es_el_mejor ha tirado un 20
[22:54:11] [Server thread/INFO]: 
[22:54:11] [Server thread/INFO]: Empieza el jugador Pepe_es_el_mejor
[22:54:19] [Server thread/INFO]: Pepe_es_el_mejor issued server command: /cd start Leonidas_Urfo 10
[22:54:23] [Server thread/INFO]: Pepe_es_el_mejor issued server command: /cd start Leonidas_Urfo 10
[22:54:30] [Server thread/INFO]: Pepe_es_el_mejor issued server command: /cd info
[22:54:50] [Server thread/INFO]: Pepe_es_el_mejor issued server command: /cd start Leonidas_Urfo 10
[22:54:51] [Server thread/INFO]: Pepe_es_el_mejor issued server command: /cd info
[22:55:00] [Server thread/INFO]: Leonidas_Urfo issued server command: /cd start Pepe_es_el_mejor 10
[22:55:07] [Server thread/INFO]: Leonidas_Urfo issued server command: /cd info
[23:02:14] [Server thread/INFO]: Leonidas_Urfo issued server command: /cd info
[23:06:54] [Server thread/INFO]: Leonidas_Urfo lost connection: Disconnected
[23:06:54] [Server thread/INFO]: Leonidas_Urfo left the game
[23:06:59] [Server thread/INFO]: Pepe_es_el_mejor lost connection: Disconnected
[23:06:59] [Server thread/INFO]: Pepe_es_el_mejor left the game
[23:09:07] [Server thread/INFO]: Stopping server
[23:09:07] [Server thread/INFO]: [CombatDice] Disabling CombatDice v24.07.2022-1221
[23:09:07] [Server thread/INFO]: [CombatDice] Desactivando el plugin CombatDice en la versión 24.07.2022-1221
[23:09:07] [Server thread/INFO]: Saving players
[23:09:07] [Server thread/INFO]: Saving worlds
[23:09:07] [Server thread/INFO]: Saving chunks for level 'ServerLevel[world]'/minecraft:overworld
[23:09:07] [Server thread/INFO]: ThreadedAnvilChunkStorage (world): All chunks are saved
[23:09:07] [Server thread/INFO]: Saving chunks for level 'ServerLevel[world_nether]'/minecraft:the_nether
[23:09:07] [Server thread/INFO]: ThreadedAnvilChunkStorage (DIM-1): All chunks are saved
[23:09:07] [Server thread/INFO]: Saving chunks for level 'ServerLevel[world_the_end]'/minecraft:the_end
[23:09:07] [Server thread/INFO]: ThreadedAnvilChunkStorage (DIM1): All chunks are saved
[23:09:07] [Server thread/INFO]: ThreadedAnvilChunkStorage (world): All chunks are saved
[23:09:07] [Server thread/INFO]: ThreadedAnvilChunkStorage (DIM-1): All chunks are saved
[23:09:07] [Server thread/INFO]: ThreadedAnvilChunkStorage (DIM1): All chunks are saved
